<?xml version="1.0" encoding="UTF-8"?>
<!-- Generated by org.testng.reporters.JUnitXMLReporter -->
<testsuite hostname="DESKTOP-7OIPN3T" ignored="0" name="Test" tests="1" failures="0" timestamp="2021-01-10T08:09:40 IST" time="0.13" errors="0">
  <testcase name="@BeforeClass OpenBrowser" time="-1.610246379965E9" classname="com.actitime.generics.BaseClass">
    <failure type="org.testng.TestNGException" message="
Can inject only one of &amp;lt;ITestContext, XmlTest&amp;gt; into a @BeforeClass annotated OpenBrowser.
For more information on native dependency injection please refer to https://testng.org/doc/documentation-main.html#native-dependency-injection">
      <![CDATA[org.testng.TestNGException: 
Can inject only one of <ITestContext, XmlTest> into a @BeforeClass annotated OpenBrowser.
For more information on native dependency injection please refer to https://testng.org/doc/documentation-main.html#native-dependency-injection
at java.util.ArrayList.forEach(Unknown Source)
... Removed 22 stack frames]]>
    </failure>
  </testcase> <!-- @BeforeClass OpenBrowser -->
  <testcase name="@BeforeMethod login" time="-1.610246380002E9" classname="com.actitime.generics.BaseClass">
    <skipped/>
  </testcase> <!-- @BeforeMethod login -->
  <testcase name="@AfterMethod logout" time="-1.610246380015E9" classname="com.actitime.generics.BaseClass">
    <skipped/>
  </testcase> <!-- @AfterMethod logout -->
  <testcase name="@AfterClass closeBrowser" time="-1.610246380019E9" classname="com.actitime.generics.BaseClass">
    <skipped/>
  </testcase> <!-- @AfterClass closeBrowser -->
  <testcase name="testCreateCustomer" time="0.0" classname="com.actitime.testscripts.CustomerModule">
    <skipped/>
  </testcase> <!-- testCreateCustomer -->
</testsuite> <!-- Test -->
